2022-01-30 20:24:10 [scrapy.utils.log] INFO: Scrapy 2.5.1 started (bot: subscribe)
2022-01-30 20:24:10 [scrapy.utils.log] INFO: Versions: lxml 4.7.1.0, libxml2 2.9.12, cssselect 1.1.0, parsel 1.6.0, w3lib 1.22.0, Twisted 21.7.0, Python 3.7.8 (tags/v3.7.8:4b47a5b6ba, Jun 28 2020, 08:53:46) [MSC v.1916 64 bit (AMD64)], pyOpenSSL 21.0.0 (OpenSSL 1.1.1m  14 Dec 2021), cryptography 36.0.1, Platform Windows-10-10.0.19041-SP0
2022-01-30 20:24:10 [scrapy.crawler] INFO: Overridden settings:
{'BOT_NAME': 'subscribe',
 'FEED_EXPORT_ENCODING': 'utf-8',
 'LOG_FILE': 'log/scrapy_2022_1_30.log',
 'LOG_LEVEL': 'INFO',
 'NEWSPIDER_MODULE': 'subscribe.spiders',
 'SPIDER_MODULES': ['subscribe.spiders']}
2022-01-30 20:24:10 [scrapy.extensions.telnet] INFO: Telnet Password: 9d7d80fc46701ad6
2022-01-30 20:24:10 [scrapy.middleware] INFO: Enabled extensions:
['scrapy.extensions.corestats.CoreStats',
 'scrapy.extensions.telnet.TelnetConsole',
 'scrapy.extensions.logstats.LogStats']
2022-01-30 20:24:10 [scrapy.middleware] INFO: Enabled downloader middlewares:
['scrapy.downloadermiddlewares.httpauth.HttpAuthMiddleware',
 'scrapy.downloadermiddlewares.downloadtimeout.DownloadTimeoutMiddleware',
 'scrapy.downloadermiddlewares.defaultheaders.DefaultHeadersMiddleware',
 'scrapy.downloadermiddlewares.useragent.UserAgentMiddleware',
 'scrapy.downloadermiddlewares.retry.RetryMiddleware',
 'scrapy.downloadermiddlewares.redirect.MetaRefreshMiddleware',
 'scrapy.downloadermiddlewares.httpcompression.HttpCompressionMiddleware',
 'scrapy.downloadermiddlewares.redirect.RedirectMiddleware',
 'scrapy.downloadermiddlewares.cookies.CookiesMiddleware',
 'scrapy.downloadermiddlewares.httpproxy.HttpProxyMiddleware',
 'scrapy.downloadermiddlewares.stats.DownloaderStats']
2022-01-30 20:24:10 [scrapy.middleware] INFO: Enabled spider middlewares:
['scrapy.spidermiddlewares.httperror.HttpErrorMiddleware',
 'scrapy.spidermiddlewares.offsite.OffsiteMiddleware',
 'scrapy.spidermiddlewares.referer.RefererMiddleware',
 'scrapy.spidermiddlewares.urllength.UrlLengthMiddleware',
 'scrapy.spidermiddlewares.depth.DepthMiddleware']
2022-01-30 20:24:10 [scrapy.middleware] INFO: Enabled item pipelines:
['subscribe.pipelines.SubscribeMongoPipeline']
2022-01-30 20:24:10 [scrapy.core.engine] INFO: Spider opened
2022-01-30 20:24:10 [scrapy.extensions.logstats] INFO: Crawled 0 pages (at 0 pages/min), scraped 0 items (at 0 items/min)
2022-01-30 20:24:10 [scrapy.extensions.telnet] INFO: Telnet console listening on 127.0.0.1:6023
2022-01-30 20:24:10 [retry.api] WARNING: HTTPSConnectionPool(host='sbc.nju.edu.cn', port=443): Max retries exceeded with url: /xwdt/index.html (Caused by ProxyError('Cannot connect to proxy.', FileNotFoundError(2, 'No such file or directory'))), retrying in 1 seconds...
2022-01-30 20:24:11 [retry.api] WARNING: HTTPSConnectionPool(host='sbc.nju.edu.cn', port=443): Max retries exceeded with url: /xwdt/index.html (Caused by ProxyError('Cannot connect to proxy.', FileNotFoundError(2, 'No such file or directory'))), retrying in 1 seconds...
2022-01-30 20:24:12 [scrapy.core.engine] ERROR: Error while obtaining start requests
Traceback (most recent call last):
  File "d:\visual studio\vs shared\python37_64\lib\site-packages\urllib3\connectionpool.py", line 700, in urlopen
    self._prepare_proxy(conn)
  File "d:\visual studio\vs shared\python37_64\lib\site-packages\urllib3\connectionpool.py", line 994, in _prepare_proxy
    conn.connect()
  File "d:\visual studio\vs shared\python37_64\lib\site-packages\urllib3\connection.py", line 364, in connect
    conn = self._connect_tls_proxy(hostname, conn)
  File "d:\visual studio\vs shared\python37_64\lib\site-packages\urllib3\connection.py", line 507, in _connect_tls_proxy
    ssl_context=ssl_context,
  File "d:\visual studio\vs shared\python37_64\lib\site-packages\urllib3\util\ssl_.py", line 453, in ssl_wrap_socket
    ssl_sock = _ssl_wrap_socket_impl(sock, context, tls_in_tls)
  File "d:\visual studio\vs shared\python37_64\lib\site-packages\urllib3\util\ssl_.py", line 495, in _ssl_wrap_socket_impl
    return ssl_context.wrap_socket(sock)
  File "d:\visual studio\vs shared\python37_64\lib\ssl.py", line 423, in wrap_socket
    session=session
  File "d:\visual studio\vs shared\python37_64\lib\ssl.py", line 870, in _create
    self.do_handshake()
  File "d:\visual studio\vs shared\python37_64\lib\ssl.py", line 1139, in do_handshake
    self._sslobj.do_handshake()
FileNotFoundError: [Errno 2] No such file or directory

During handling of the above exception, another exception occurred:

Traceback (most recent call last):
  File "d:\visual studio\vs shared\python37_64\lib\site-packages\requests\adapters.py", line 450, in send
    timeout=timeout
  File "d:\visual studio\vs shared\python37_64\lib\site-packages\urllib3\connectionpool.py", line 786, in urlopen
    method, url, error=e, _pool=self, _stacktrace=sys.exc_info()[2]
  File "d:\visual studio\vs shared\python37_64\lib\site-packages\urllib3\util\retry.py", line 592, in increment
    raise MaxRetryError(_pool, url, error or ResponseError(cause))
urllib3.exceptions.MaxRetryError: HTTPSConnectionPool(host='sbc.nju.edu.cn', port=443): Max retries exceeded with url: /xwdt/index.html (Caused by ProxyError('Cannot connect to proxy.', FileNotFoundError(2, 'No such file or directory')))

During handling of the above exception, another exception occurred:

Traceback (most recent call last):
  File "d:\visual studio\vs shared\python37_64\lib\site-packages\scrapy\core\engine.py", line 129, in _next_request
    request = next(slot.start_requests)
  File "C:\Users\picturesque\Desktop\信息订阅对接\jw - 副本\subscribe\spiders\sbc_spider.py", line 81, in start_requests
    xwdt_soup = get_response(xwdt_url)
  File "d:\visual studio\vs shared\python37_64\lib\site-packages\decorator.py", line 232, in fun
    return caller(func, *(extras + args), **kw)
  File "d:\visual studio\vs shared\python37_64\lib\site-packages\retry\api.py", line 74, in retry_decorator
    logger)
  File "d:\visual studio\vs shared\python37_64\lib\site-packages\retry\api.py", line 33, in __retry_internal
    return f()
  File "C:\Users\picturesque\Desktop\信息订阅对接\jw - 副本\subscribe\spiders\sbc_spider.py", line 24, in get_response
    response = requests.get(url,headers=headers,verify=False)
  File "d:\visual studio\vs shared\python37_64\lib\site-packages\requests\api.py", line 75, in get
    return request('get', url, params=params, **kwargs)
  File "d:\visual studio\vs shared\python37_64\lib\site-packages\requests\api.py", line 61, in request
    return session.request(method=method, url=url, **kwargs)
  File "d:\visual studio\vs shared\python37_64\lib\site-packages\requests\sessions.py", line 529, in request
    resp = self.send(prep, **send_kwargs)
  File "d:\visual studio\vs shared\python37_64\lib\site-packages\requests\sessions.py", line 645, in send
    r = adapter.send(request, **kwargs)
  File "d:\visual studio\vs shared\python37_64\lib\site-packages\requests\adapters.py", line 513, in send
    raise ProxyError(e, request=request)
requests.exceptions.ProxyError: HTTPSConnectionPool(host='sbc.nju.edu.cn', port=443): Max retries exceeded with url: /xwdt/index.html (Caused by ProxyError('Cannot connect to proxy.', FileNotFoundError(2, 'No such file or directory')))
2022-01-30 20:24:12 [scrapy.core.engine] INFO: Closing spider (finished)
2022-01-30 20:24:12 [scrapy.statscollectors] INFO: Dumping Scrapy stats:
{'elapsed_time_seconds': 2.208443,
 'finish_reason': 'finished',
 'finish_time': datetime.datetime(2022, 1, 30, 12, 24, 12, 908408),
 'log_count/ERROR': 1,
 'log_count/INFO': 10,
 'log_count/WARNING': 2,
 'start_time': datetime.datetime(2022, 1, 30, 12, 24, 10, 699965)}
2022-01-30 20:24:12 [scrapy.core.engine] INFO: Spider closed (finished)
2022-01-30 20:24:14 [scrapy.utils.log] INFO: Scrapy 2.5.1 started (bot: subscribe)
2022-01-30 20:24:14 [scrapy.utils.log] INFO: Versions: lxml 4.7.1.0, libxml2 2.9.12, cssselect 1.1.0, parsel 1.6.0, w3lib 1.22.0, Twisted 21.7.0, Python 3.7.8 (tags/v3.7.8:4b47a5b6ba, Jun 28 2020, 08:53:46) [MSC v.1916 64 bit (AMD64)], pyOpenSSL 21.0.0 (OpenSSL 1.1.1m  14 Dec 2021), cryptography 36.0.1, Platform Windows-10-10.0.19041-SP0
2022-01-30 20:24:14 [scrapy.crawler] INFO: Overridden settings:
{'BOT_NAME': 'subscribe',
 'FEED_EXPORT_ENCODING': 'utf-8',
 'LOG_FILE': 'log/scrapy_2022_1_30.log',
 'LOG_LEVEL': 'INFO',
 'NEWSPIDER_MODULE': 'subscribe.spiders',
 'SPIDER_MODULES': ['subscribe.spiders']}
2022-01-30 20:24:14 [scrapy.extensions.telnet] INFO: Telnet Password: 9925e6ee2028d8e6
2022-01-30 20:24:14 [scrapy.middleware] INFO: Enabled extensions:
['scrapy.extensions.corestats.CoreStats',
 'scrapy.extensions.telnet.TelnetConsole',
 'scrapy.extensions.logstats.LogStats']
2022-01-30 20:24:14 [scrapy.middleware] INFO: Enabled downloader middlewares:
['scrapy.downloadermiddlewares.httpauth.HttpAuthMiddleware',
 'scrapy.downloadermiddlewares.downloadtimeout.DownloadTimeoutMiddleware',
 'scrapy.downloadermiddlewares.defaultheaders.DefaultHeadersMiddleware',
 'scrapy.downloadermiddlewares.useragent.UserAgentMiddleware',
 'scrapy.downloadermiddlewares.retry.RetryMiddleware',
 'scrapy.downloadermiddlewares.redirect.MetaRefreshMiddleware',
 'scrapy.downloadermiddlewares.httpcompression.HttpCompressionMiddleware',
 'scrapy.downloadermiddlewares.redirect.RedirectMiddleware',
 'scrapy.downloadermiddlewares.cookies.CookiesMiddleware',
 'scrapy.downloadermiddlewares.httpproxy.HttpProxyMiddleware',
 'scrapy.downloadermiddlewares.stats.DownloaderStats']
2022-01-30 20:24:14 [scrapy.middleware] INFO: Enabled spider middlewares:
['scrapy.spidermiddlewares.httperror.HttpErrorMiddleware',
 'scrapy.spidermiddlewares.offsite.OffsiteMiddleware',
 'scrapy.spidermiddlewares.referer.RefererMiddleware',
 'scrapy.spidermiddlewares.urllength.UrlLengthMiddleware',
 'scrapy.spidermiddlewares.depth.DepthMiddleware']
2022-01-30 20:24:14 [scrapy.middleware] INFO: Enabled item pipelines:
['subscribe.pipelines.SubscribeMongoPipeline']
2022-01-30 20:24:14 [scrapy.core.engine] INFO: Spider opened
2022-01-30 20:24:14 [scrapy.extensions.logstats] INFO: Crawled 0 pages (at 0 pages/min), scraped 0 items (at 0 items/min)
2022-01-30 20:24:14 [scrapy.extensions.telnet] INFO: Telnet console listening on 127.0.0.1:6023
2022-01-30 20:24:14 [retry.api] WARNING: HTTPSConnectionPool(host='jw.nju.edu.cn', port=443): Max retries exceeded with url: /ggtz/list1.htm (Caused by ProxyError('Cannot connect to proxy.', FileNotFoundError(2, 'No such file or directory'))), retrying in 2 seconds...
2022-01-30 20:24:16 [retry.api] WARNING: HTTPSConnectionPool(host='jw.nju.edu.cn', port=443): Max retries exceeded with url: /ggtz/list1.htm (Caused by ProxyError('Cannot connect to proxy.', FileNotFoundError(2, 'No such file or directory'))), retrying in 2 seconds...
2022-01-30 20:24:18 [scrapy.core.engine] ERROR: Error while obtaining start requests
Traceback (most recent call last):
  File "d:\visual studio\vs shared\python37_64\lib\site-packages\urllib3\connectionpool.py", line 700, in urlopen
    self._prepare_proxy(conn)
  File "d:\visual studio\vs shared\python37_64\lib\site-packages\urllib3\connectionpool.py", line 994, in _prepare_proxy
    conn.connect()
  File "d:\visual studio\vs shared\python37_64\lib\site-packages\urllib3\connection.py", line 364, in connect
    conn = self._connect_tls_proxy(hostname, conn)
  File "d:\visual studio\vs shared\python37_64\lib\site-packages\urllib3\connection.py", line 507, in _connect_tls_proxy
    ssl_context=ssl_context,
  File "d:\visual studio\vs shared\python37_64\lib\site-packages\urllib3\util\ssl_.py", line 453, in ssl_wrap_socket
    ssl_sock = _ssl_wrap_socket_impl(sock, context, tls_in_tls)
  File "d:\visual studio\vs shared\python37_64\lib\site-packages\urllib3\util\ssl_.py", line 495, in _ssl_wrap_socket_impl
    return ssl_context.wrap_socket(sock)
  File "d:\visual studio\vs shared\python37_64\lib\ssl.py", line 423, in wrap_socket
    session=session
  File "d:\visual studio\vs shared\python37_64\lib\ssl.py", line 870, in _create
    self.do_handshake()
  File "d:\visual studio\vs shared\python37_64\lib\ssl.py", line 1139, in do_handshake
    self._sslobj.do_handshake()
FileNotFoundError: [Errno 2] No such file or directory

During handling of the above exception, another exception occurred:

Traceback (most recent call last):
  File "d:\visual studio\vs shared\python37_64\lib\site-packages\requests\adapters.py", line 450, in send
    timeout=timeout
  File "d:\visual studio\vs shared\python37_64\lib\site-packages\urllib3\connectionpool.py", line 786, in urlopen
    method, url, error=e, _pool=self, _stacktrace=sys.exc_info()[2]
  File "d:\visual studio\vs shared\python37_64\lib\site-packages\urllib3\util\retry.py", line 592, in increment
    raise MaxRetryError(_pool, url, error or ResponseError(cause))
urllib3.exceptions.MaxRetryError: HTTPSConnectionPool(host='jw.nju.edu.cn', port=443): Max retries exceeded with url: /ggtz/list1.htm (Caused by ProxyError('Cannot connect to proxy.', FileNotFoundError(2, 'No such file or directory')))

During handling of the above exception, another exception occurred:

Traceback (most recent call last):
  File "d:\visual studio\vs shared\python37_64\lib\site-packages\scrapy\core\engine.py", line 129, in _next_request
    request = next(slot.start_requests)
  File "C:\Users\picturesque\Desktop\信息订阅对接\jw - 副本\subscribe\spiders\jw_spider.py", line 79, in start_requests
    announcement_soup = get_response(announcement_url)
  File "d:\visual studio\vs shared\python37_64\lib\site-packages\decorator.py", line 232, in fun
    return caller(func, *(extras + args), **kw)
  File "d:\visual studio\vs shared\python37_64\lib\site-packages\retry\api.py", line 74, in retry_decorator
    logger)
  File "d:\visual studio\vs shared\python37_64\lib\site-packages\retry\api.py", line 33, in __retry_internal
    return f()
  File "C:\Users\picturesque\Desktop\信息订阅对接\jw - 副本\subscribe\spiders\jw_spider.py", line 24, in get_response
    response = requests.get(url,headers=headers,verify=False)
  File "d:\visual studio\vs shared\python37_64\lib\site-packages\requests\api.py", line 75, in get
    return request('get', url, params=params, **kwargs)
  File "d:\visual studio\vs shared\python37_64\lib\site-packages\requests\api.py", line 61, in request
    return session.request(method=method, url=url, **kwargs)
  File "d:\visual studio\vs shared\python37_64\lib\site-packages\requests\sessions.py", line 529, in request
    resp = self.send(prep, **send_kwargs)
  File "d:\visual studio\vs shared\python37_64\lib\site-packages\requests\sessions.py", line 645, in send
    r = adapter.send(request, **kwargs)
  File "d:\visual studio\vs shared\python37_64\lib\site-packages\requests\adapters.py", line 513, in send
    raise ProxyError(e, request=request)
requests.exceptions.ProxyError: HTTPSConnectionPool(host='jw.nju.edu.cn', port=443): Max retries exceeded with url: /ggtz/list1.htm (Caused by ProxyError('Cannot connect to proxy.', FileNotFoundError(2, 'No such file or directory')))
2022-01-30 20:24:18 [scrapy.core.engine] INFO: Closing spider (finished)
2022-01-30 20:24:18 [scrapy.statscollectors] INFO: Dumping Scrapy stats:
{'elapsed_time_seconds': 4.160524,
 'finish_reason': 'finished',
 'finish_time': datetime.datetime(2022, 1, 30, 12, 24, 18, 829924),
 'log_count/ERROR': 1,
 'log_count/INFO': 10,
 'log_count/WARNING': 2,
 'start_time': datetime.datetime(2022, 1, 30, 12, 24, 14, 669400)}
2022-01-30 20:24:18 [scrapy.core.engine] INFO: Spider closed (finished)
2022-01-30 20:26:12 [scrapy.utils.log] INFO: Scrapy 2.5.1 started (bot: subscribe)
2022-01-30 20:26:12 [scrapy.utils.log] INFO: Versions: lxml 4.7.1.0, libxml2 2.9.12, cssselect 1.1.0, parsel 1.6.0, w3lib 1.22.0, Twisted 21.7.0, Python 3.7.8 (tags/v3.7.8:4b47a5b6ba, Jun 28 2020, 08:53:46) [MSC v.1916 64 bit (AMD64)], pyOpenSSL 21.0.0 (OpenSSL 1.1.1m  14 Dec 2021), cryptography 36.0.1, Platform Windows-10-10.0.19041-SP0
2022-01-30 20:26:12 [scrapy.crawler] INFO: Overridden settings:
{'BOT_NAME': 'subscribe',
 'FEED_EXPORT_ENCODING': 'utf-8',
 'LOG_FILE': 'log/scrapy_2022_1_30.log',
 'LOG_LEVEL': 'INFO',
 'NEWSPIDER_MODULE': 'subscribe.spiders',
 'SPIDER_MODULES': ['subscribe.spiders']}
2022-01-30 20:26:12 [scrapy.extensions.telnet] INFO: Telnet Password: eae5ebf810aa4e51
2022-01-30 20:26:12 [scrapy.middleware] INFO: Enabled extensions:
['scrapy.extensions.corestats.CoreStats',
 'scrapy.extensions.telnet.TelnetConsole',
 'scrapy.extensions.logstats.LogStats']
2022-01-30 20:26:12 [scrapy.middleware] INFO: Enabled downloader middlewares:
['scrapy.downloadermiddlewares.httpauth.HttpAuthMiddleware',
 'scrapy.downloadermiddlewares.downloadtimeout.DownloadTimeoutMiddleware',
 'scrapy.downloadermiddlewares.defaultheaders.DefaultHeadersMiddleware',
 'scrapy.downloadermiddlewares.useragent.UserAgentMiddleware',
 'scrapy.downloadermiddlewares.retry.RetryMiddleware',
 'scrapy.downloadermiddlewares.redirect.MetaRefreshMiddleware',
 'scrapy.downloadermiddlewares.httpcompression.HttpCompressionMiddleware',
 'scrapy.downloadermiddlewares.redirect.RedirectMiddleware',
 'scrapy.downloadermiddlewares.cookies.CookiesMiddleware',
 'scrapy.downloadermiddlewares.httpproxy.HttpProxyMiddleware',
 'scrapy.downloadermiddlewares.stats.DownloaderStats']
2022-01-30 20:26:12 [scrapy.middleware] INFO: Enabled spider middlewares:
['scrapy.spidermiddlewares.httperror.HttpErrorMiddleware',
 'scrapy.spidermiddlewares.offsite.OffsiteMiddleware',
 'scrapy.spidermiddlewares.referer.RefererMiddleware',
 'scrapy.spidermiddlewares.urllength.UrlLengthMiddleware',
 'scrapy.spidermiddlewares.depth.DepthMiddleware']
2022-01-30 20:26:12 [scrapy.middleware] INFO: Enabled item pipelines:
['subscribe.pipelines.SubscribeMongoPipeline']
2022-01-30 20:26:12 [scrapy.core.engine] INFO: Spider opened
2022-01-30 20:26:12 [scrapy.extensions.logstats] INFO: Crawled 0 pages (at 0 pages/min), scraped 0 items (at 0 items/min)
2022-01-30 20:26:12 [scrapy.extensions.telnet] INFO: Telnet console listening on 127.0.0.1:6023
2022-01-30 20:26:51 [scrapy.core.engine] INFO: Closing spider (finished)
2022-01-30 20:26:51 [scrapy.statscollectors] INFO: Dumping Scrapy stats:
{'downloader/request_bytes': 94256,
 'downloader/request_count': 392,
 'downloader/request_method_count/GET': 392,
 'downloader/response_bytes': 662186,
 'downloader/response_count': 392,
 'downloader/response_status_count/200': 196,
 'downloader/response_status_count/301': 196,
 'elapsed_time_seconds': 38.693859,
 'finish_reason': 'finished',
 'finish_time': datetime.datetime(2022, 1, 30, 12, 26, 51, 497041),
 'httpcompression/response_bytes': 2474562,
 'httpcompression/response_count': 196,
 'item_scraped_count': 196,
 'log_count/INFO': 10,
 'response_received_count': 196,
 'scheduler/dequeued': 392,
 'scheduler/dequeued/memory': 392,
 'scheduler/enqueued': 392,
 'scheduler/enqueued/memory': 392,
 'start_time': datetime.datetime(2022, 1, 30, 12, 26, 12, 803182)}
2022-01-30 20:26:51 [scrapy.core.engine] INFO: Spider closed (finished)
2022-01-30 20:26:53 [scrapy.utils.log] INFO: Scrapy 2.5.1 started (bot: subscribe)
2022-01-30 20:26:53 [scrapy.utils.log] INFO: Versions: lxml 4.7.1.0, libxml2 2.9.12, cssselect 1.1.0, parsel 1.6.0, w3lib 1.22.0, Twisted 21.7.0, Python 3.7.8 (tags/v3.7.8:4b47a5b6ba, Jun 28 2020, 08:53:46) [MSC v.1916 64 bit (AMD64)], pyOpenSSL 21.0.0 (OpenSSL 1.1.1m  14 Dec 2021), cryptography 36.0.1, Platform Windows-10-10.0.19041-SP0
2022-01-30 20:26:53 [scrapy.crawler] INFO: Overridden settings:
{'BOT_NAME': 'subscribe',
 'FEED_EXPORT_ENCODING': 'utf-8',
 'LOG_FILE': 'log/scrapy_2022_1_30.log',
 'LOG_LEVEL': 'INFO',
 'NEWSPIDER_MODULE': 'subscribe.spiders',
 'SPIDER_MODULES': ['subscribe.spiders']}
2022-01-30 20:26:53 [scrapy.extensions.telnet] INFO: Telnet Password: 40cfd512d60e3c28
2022-01-30 20:26:53 [scrapy.middleware] INFO: Enabled extensions:
['scrapy.extensions.corestats.CoreStats',
 'scrapy.extensions.telnet.TelnetConsole',
 'scrapy.extensions.logstats.LogStats']
2022-01-30 20:26:53 [scrapy.middleware] INFO: Enabled downloader middlewares:
['scrapy.downloadermiddlewares.httpauth.HttpAuthMiddleware',
 'scrapy.downloadermiddlewares.downloadtimeout.DownloadTimeoutMiddleware',
 'scrapy.downloadermiddlewares.defaultheaders.DefaultHeadersMiddleware',
 'scrapy.downloadermiddlewares.useragent.UserAgentMiddleware',
 'scrapy.downloadermiddlewares.retry.RetryMiddleware',
 'scrapy.downloadermiddlewares.redirect.MetaRefreshMiddleware',
 'scrapy.downloadermiddlewares.httpcompression.HttpCompressionMiddleware',
 'scrapy.downloadermiddlewares.redirect.RedirectMiddleware',
 'scrapy.downloadermiddlewares.cookies.CookiesMiddleware',
 'scrapy.downloadermiddlewares.httpproxy.HttpProxyMiddleware',
 'scrapy.downloadermiddlewares.stats.DownloaderStats']
2022-01-30 20:26:53 [scrapy.middleware] INFO: Enabled spider middlewares:
['scrapy.spidermiddlewares.httperror.HttpErrorMiddleware',
 'scrapy.spidermiddlewares.offsite.OffsiteMiddleware',
 'scrapy.spidermiddlewares.referer.RefererMiddleware',
 'scrapy.spidermiddlewares.urllength.UrlLengthMiddleware',
 'scrapy.spidermiddlewares.depth.DepthMiddleware']
2022-01-30 20:26:53 [scrapy.middleware] INFO: Enabled item pipelines:
['subscribe.pipelines.SubscribeMongoPipeline']
2022-01-30 20:26:53 [scrapy.core.engine] INFO: Spider opened
2022-01-30 20:26:53 [scrapy.extensions.logstats] INFO: Crawled 0 pages (at 0 pages/min), scraped 0 items (at 0 items/min)
2022-01-30 20:26:53 [scrapy.extensions.telnet] INFO: Telnet console listening on 127.0.0.1:6023
2022-01-30 20:27:09 [scrapy.core.engine] INFO: Closing spider (finished)
2022-01-30 20:27:09 [scrapy.statscollectors] INFO: Dumping Scrapy stats:
{'downloader/request_bytes': 8272,
 'downloader/request_count': 32,
 'downloader/request_method_count/GET': 32,
 'downloader/response_bytes': 3179899,
 'downloader/response_count': 32,
 'downloader/response_status_count/200': 28,
 'downloader/response_status_count/301': 4,
 'elapsed_time_seconds': 16.21048,
 'finish_reason': 'finished',
 'finish_time': datetime.datetime(2022, 1, 30, 12, 27, 9, 622283),
 'httpcompression/response_bytes': 4851262,
 'httpcompression/response_count': 28,
 'item_scraped_count': 28,
 'log_count/INFO': 10,
 'response_received_count': 28,
 'scheduler/dequeued': 32,
 'scheduler/dequeued/memory': 32,
 'scheduler/enqueued': 32,
 'scheduler/enqueued/memory': 32,
 'start_time': datetime.datetime(2022, 1, 30, 12, 26, 53, 411803)}
2022-01-30 20:27:09 [scrapy.core.engine] INFO: Spider closed (finished)
2022-01-30 20:33:29 [scrapy.utils.log] INFO: Scrapy 2.5.1 started (bot: subscribe)
2022-01-30 20:33:29 [scrapy.utils.log] INFO: Versions: lxml 4.7.1.0, libxml2 2.9.12, cssselect 1.1.0, parsel 1.6.0, w3lib 1.22.0, Twisted 21.7.0, Python 3.7.8 (tags/v3.7.8:4b47a5b6ba, Jun 28 2020, 08:53:46) [MSC v.1916 64 bit (AMD64)], pyOpenSSL 21.0.0 (OpenSSL 1.1.1m  14 Dec 2021), cryptography 36.0.1, Platform Windows-10-10.0.19041-SP0
2022-01-30 20:33:29 [scrapy.crawler] INFO: Overridden settings:
{'BOT_NAME': 'subscribe',
 'FEED_EXPORT_ENCODING': 'utf-8',
 'LOG_FILE': 'log/scrapy_2022_1_30.log',
 'LOG_LEVEL': 'INFO',
 'NEWSPIDER_MODULE': 'subscribe.spiders',
 'SPIDER_MODULES': ['subscribe.spiders']}
2022-01-30 20:33:29 [scrapy.extensions.telnet] INFO: Telnet Password: 6c43d76e32e5ebf5
2022-01-30 20:33:29 [scrapy.middleware] INFO: Enabled extensions:
['scrapy.extensions.corestats.CoreStats',
 'scrapy.extensions.telnet.TelnetConsole',
 'scrapy.extensions.logstats.LogStats']
2022-01-30 20:33:29 [scrapy.middleware] INFO: Enabled downloader middlewares:
['scrapy.downloadermiddlewares.httpauth.HttpAuthMiddleware',
 'scrapy.downloadermiddlewares.downloadtimeout.DownloadTimeoutMiddleware',
 'scrapy.downloadermiddlewares.defaultheaders.DefaultHeadersMiddleware',
 'scrapy.downloadermiddlewares.useragent.UserAgentMiddleware',
 'scrapy.downloadermiddlewares.retry.RetryMiddleware',
 'scrapy.downloadermiddlewares.redirect.MetaRefreshMiddleware',
 'scrapy.downloadermiddlewares.httpcompression.HttpCompressionMiddleware',
 'scrapy.downloadermiddlewares.redirect.RedirectMiddleware',
 'scrapy.downloadermiddlewares.cookies.CookiesMiddleware',
 'scrapy.downloadermiddlewares.httpproxy.HttpProxyMiddleware',
 'scrapy.downloadermiddlewares.stats.DownloaderStats']
2022-01-30 20:33:29 [scrapy.middleware] INFO: Enabled spider middlewares:
['scrapy.spidermiddlewares.httperror.HttpErrorMiddleware',
 'scrapy.spidermiddlewares.offsite.OffsiteMiddleware',
 'scrapy.spidermiddlewares.referer.RefererMiddleware',
 'scrapy.spidermiddlewares.urllength.UrlLengthMiddleware',
 'scrapy.spidermiddlewares.depth.DepthMiddleware']
2022-01-30 20:33:29 [scrapy.middleware] INFO: Enabled item pipelines:
['subscribe.pipelines.SubscribeMongoPipeline']
2022-01-30 20:33:29 [scrapy.core.engine] INFO: Spider opened
2022-01-30 20:33:29 [scrapy.extensions.logstats] INFO: Crawled 0 pages (at 0 pages/min), scraped 0 items (at 0 items/min)
2022-01-30 20:33:29 [scrapy.extensions.telnet] INFO: Telnet console listening on 127.0.0.1:6023
2022-01-30 20:34:13 [scrapy.crawler] INFO: Received SIGINT, shutting down gracefully. Send again to force 
2022-01-30 20:34:13 [scrapy.core.engine] INFO: Closing spider (shutdown)
2022-01-30 20:34:14 [scrapy.statscollectors] INFO: Dumping Scrapy stats:
{'downloader/request_bytes': 75872,
 'downloader/request_count': 316,
 'downloader/request_method_count/GET': 316,
 'downloader/response_bytes': 523191,
 'downloader/response_count': 316,
 'downloader/response_status_count/200': 151,
 'downloader/response_status_count/301': 165,
 'elapsed_time_seconds': 44.618721,
 'finish_reason': 'shutdown',
 'finish_time': datetime.datetime(2022, 1, 30, 12, 34, 14, 459947),
 'httpcompression/response_bytes': 1964278,
 'httpcompression/response_count': 151,
 'item_scraped_count': 151,
 'log_count/INFO': 11,
 'response_received_count': 151,
 'scheduler/dequeued': 316,
 'scheduler/dequeued/memory': 316,
 'scheduler/enqueued': 330,
 'scheduler/enqueued/memory': 330,
 'start_time': datetime.datetime(2022, 1, 30, 12, 33, 29, 841226)}
2022-01-30 20:34:14 [scrapy.core.engine] INFO: Spider closed (shutdown)
2022-01-30 20:34:40 [scrapy.utils.log] INFO: Scrapy 2.5.1 started (bot: subscribe)
2022-01-30 20:34:40 [scrapy.utils.log] INFO: Versions: lxml 4.7.1.0, libxml2 2.9.12, cssselect 1.1.0, parsel 1.6.0, w3lib 1.22.0, Twisted 21.7.0, Python 3.7.8 (tags/v3.7.8:4b47a5b6ba, Jun 28 2020, 08:53:46) [MSC v.1916 64 bit (AMD64)], pyOpenSSL 21.0.0 (OpenSSL 1.1.1m  14 Dec 2021), cryptography 36.0.1, Platform Windows-10-10.0.19041-SP0
2022-01-30 20:34:40 [scrapy.crawler] INFO: Overridden settings:
{'BOT_NAME': 'subscribe',
 'FEED_EXPORT_ENCODING': 'utf-8',
 'LOG_FILE': 'log/scrapy_2022_1_30.log',
 'LOG_LEVEL': 'INFO',
 'NEWSPIDER_MODULE': 'subscribe.spiders',
 'SPIDER_MODULES': ['subscribe.spiders']}
2022-01-30 20:34:40 [scrapy.extensions.telnet] INFO: Telnet Password: 9cb91ca844cea1b1
2022-01-30 20:34:40 [scrapy.middleware] INFO: Enabled extensions:
['scrapy.extensions.corestats.CoreStats',
 'scrapy.extensions.telnet.TelnetConsole',
 'scrapy.extensions.logstats.LogStats']
2022-01-30 20:34:41 [scrapy.middleware] INFO: Enabled downloader middlewares:
['scrapy.downloadermiddlewares.httpauth.HttpAuthMiddleware',
 'scrapy.downloadermiddlewares.downloadtimeout.DownloadTimeoutMiddleware',
 'scrapy.downloadermiddlewares.defaultheaders.DefaultHeadersMiddleware',
 'scrapy.downloadermiddlewares.useragent.UserAgentMiddleware',
 'scrapy.downloadermiddlewares.retry.RetryMiddleware',
 'scrapy.downloadermiddlewares.redirect.MetaRefreshMiddleware',
 'scrapy.downloadermiddlewares.httpcompression.HttpCompressionMiddleware',
 'scrapy.downloadermiddlewares.redirect.RedirectMiddleware',
 'scrapy.downloadermiddlewares.cookies.CookiesMiddleware',
 'scrapy.downloadermiddlewares.httpproxy.HttpProxyMiddleware',
 'scrapy.downloadermiddlewares.stats.DownloaderStats']
2022-01-30 20:34:41 [scrapy.middleware] INFO: Enabled spider middlewares:
['scrapy.spidermiddlewares.httperror.HttpErrorMiddleware',
 'scrapy.spidermiddlewares.offsite.OffsiteMiddleware',
 'scrapy.spidermiddlewares.referer.RefererMiddleware',
 'scrapy.spidermiddlewares.urllength.UrlLengthMiddleware',
 'scrapy.spidermiddlewares.depth.DepthMiddleware']
2022-01-30 20:34:41 [scrapy.middleware] INFO: Enabled item pipelines:
['subscribe.pipelines.SubscribeMongoPipeline']
2022-01-30 20:34:41 [scrapy.core.engine] INFO: Spider opened
2022-01-30 20:34:41 [scrapy.extensions.logstats] INFO: Crawled 0 pages (at 0 pages/min), scraped 0 items (at 0 items/min)
2022-01-30 20:34:41 [scrapy.extensions.telnet] INFO: Telnet console listening on 127.0.0.1:6023
2022-01-30 20:34:57 [scrapy.core.engine] INFO: Closing spider (finished)
2022-01-30 20:34:57 [scrapy.statscollectors] INFO: Dumping Scrapy stats:
{'downloader/request_bytes': 94256,
 'downloader/request_count': 392,
 'downloader/request_method_count/GET': 392,
 'downloader/response_bytes': 662186,
 'downloader/response_count': 392,
 'downloader/response_status_count/200': 196,
 'downloader/response_status_count/301': 196,
 'elapsed_time_seconds': 16.171754,
 'finish_reason': 'finished',
 'finish_time': datetime.datetime(2022, 1, 30, 12, 34, 57, 284301),
 'httpcompression/response_bytes': 2474562,
 'httpcompression/response_count': 196,
 'item_scraped_count': 196,
 'log_count/INFO': 10,
 'response_received_count': 196,
 'scheduler/dequeued': 392,
 'scheduler/dequeued/memory': 392,
 'scheduler/enqueued': 392,
 'scheduler/enqueued/memory': 392,
 'start_time': datetime.datetime(2022, 1, 30, 12, 34, 41, 112547)}
2022-01-30 20:34:57 [scrapy.core.engine] INFO: Spider closed (finished)
2022-01-30 20:34:58 [scrapy.utils.log] INFO: Scrapy 2.5.1 started (bot: subscribe)
2022-01-30 20:34:58 [scrapy.utils.log] INFO: Versions: lxml 4.7.1.0, libxml2 2.9.12, cssselect 1.1.0, parsel 1.6.0, w3lib 1.22.0, Twisted 21.7.0, Python 3.7.8 (tags/v3.7.8:4b47a5b6ba, Jun 28 2020, 08:53:46) [MSC v.1916 64 bit (AMD64)], pyOpenSSL 21.0.0 (OpenSSL 1.1.1m  14 Dec 2021), cryptography 36.0.1, Platform Windows-10-10.0.19041-SP0
2022-01-30 20:34:58 [scrapy.crawler] INFO: Overridden settings:
{'BOT_NAME': 'subscribe',
 'FEED_EXPORT_ENCODING': 'utf-8',
 'LOG_FILE': 'log/scrapy_2022_1_30.log',
 'LOG_LEVEL': 'INFO',
 'NEWSPIDER_MODULE': 'subscribe.spiders',
 'SPIDER_MODULES': ['subscribe.spiders']}
2022-01-30 20:34:58 [scrapy.extensions.telnet] INFO: Telnet Password: a36a3a08fd8af4ca
2022-01-30 20:34:58 [scrapy.middleware] INFO: Enabled extensions:
['scrapy.extensions.corestats.CoreStats',
 'scrapy.extensions.telnet.TelnetConsole',
 'scrapy.extensions.logstats.LogStats']
2022-01-30 20:34:59 [scrapy.middleware] INFO: Enabled downloader middlewares:
['scrapy.downloadermiddlewares.httpauth.HttpAuthMiddleware',
 'scrapy.downloadermiddlewares.downloadtimeout.DownloadTimeoutMiddleware',
 'scrapy.downloadermiddlewares.defaultheaders.DefaultHeadersMiddleware',
 'scrapy.downloadermiddlewares.useragent.UserAgentMiddleware',
 'scrapy.downloadermiddlewares.retry.RetryMiddleware',
 'scrapy.downloadermiddlewares.redirect.MetaRefreshMiddleware',
 'scrapy.downloadermiddlewares.httpcompression.HttpCompressionMiddleware',
 'scrapy.downloadermiddlewares.redirect.RedirectMiddleware',
 'scrapy.downloadermiddlewares.cookies.CookiesMiddleware',
 'scrapy.downloadermiddlewares.httpproxy.HttpProxyMiddleware',
 'scrapy.downloadermiddlewares.stats.DownloaderStats']
2022-01-30 20:34:59 [scrapy.middleware] INFO: Enabled spider middlewares:
['scrapy.spidermiddlewares.httperror.HttpErrorMiddleware',
 'scrapy.spidermiddlewares.offsite.OffsiteMiddleware',
 'scrapy.spidermiddlewares.referer.RefererMiddleware',
 'scrapy.spidermiddlewares.urllength.UrlLengthMiddleware',
 'scrapy.spidermiddlewares.depth.DepthMiddleware']
2022-01-30 20:34:59 [scrapy.middleware] INFO: Enabled item pipelines:
['subscribe.pipelines.SubscribeMongoPipeline']
2022-01-30 20:34:59 [scrapy.core.engine] INFO: Spider opened
2022-01-30 20:34:59 [scrapy.extensions.logstats] INFO: Crawled 0 pages (at 0 pages/min), scraped 0 items (at 0 items/min)
2022-01-30 20:34:59 [scrapy.extensions.telnet] INFO: Telnet console listening on 127.0.0.1:6023
2022-01-30 20:35:38 [scrapy.core.engine] INFO: Closing spider (finished)
2022-01-30 20:35:38 [scrapy.statscollectors] INFO: Dumping Scrapy stats:
{'downloader/request_bytes': 8272,
 'downloader/request_count': 32,
 'downloader/request_method_count/GET': 32,
 'downloader/response_bytes': 3179898,
 'downloader/response_count': 32,
 'downloader/response_status_count/200': 28,
 'downloader/response_status_count/301': 4,
 'elapsed_time_seconds': 39.43244,
 'finish_reason': 'finished',
 'finish_time': datetime.datetime(2022, 1, 30, 12, 35, 38, 639683),
 'httpcompression/response_bytes': 4851262,
 'httpcompression/response_count': 28,
 'item_scraped_count': 28,
 'log_count/INFO': 10,
 'response_received_count': 28,
 'scheduler/dequeued': 32,
 'scheduler/dequeued/memory': 32,
 'scheduler/enqueued': 32,
 'scheduler/enqueued/memory': 32,
 'start_time': datetime.datetime(2022, 1, 30, 12, 34, 59, 207243)}
2022-01-30 20:35:38 [scrapy.core.engine] INFO: Spider closed (finished)
